  Enemy.cpp
Enemy.cpp(45): warning C4244: '+=': 'double' から 'int' への変換です。データが失われる可能性があります。
Enemy.cpp(46): warning C4244: '+=': 'double' から 'int' への変換です。データが失われる可能性があります。
Enemy.cpp(51): warning C4244: '+=': 'double' から 'int' への変換です。データが失われる可能性があります。
Enemy.cpp(52): warning C4244: '+=': 'double' から 'int' への変換です。データが失われる可能性があります。
Enemy.cpp(212): warning C4244: '引数': 'double' から 'int' への変換です。データが失われる可能性があります。
Enemy.cpp(223): warning C4244: '引数': 'double' から 'int' への変換です。データが失われる可能性があります。
Enemy.cpp(228): warning C4244: '引数': 'double' から 'int' への変換です。データが失われる可能性があります。
Enemy.cpp(232): warning C4244: '引数': 'double' から 'int' への変換です。データが失われる可能性があります。
Enemy.cpp(233): warning C4244: '引数': 'double' から 'int' への変換です。データが失われる可能性があります。
Enemy.cpp(237): warning C4244: '引数': 'double' から 'int' への変換です。データが失われる可能性があります。
Enemy.cpp(238): warning C4244: '引数': 'double' から 'int' への変換です。データが失われる可能性があります。
Enemy.cpp(242): warning C4244: '引数': 'double' から 'int' への変換です。データが失われる可能性があります。
Enemy.cpp(251): warning C4018: '<': signed と unsigned の数値を比較しようとしました。
Enemy.cpp(252): warning C4018: '<': signed と unsigned の数値を比較しようとしました。
Enemy.cpp(418): warning C4244: '引数': 'double' から 'int' への変換です。データが失われる可能性があります。
Enemy.cpp(419): warning C4244: '引数': 'double' から 'int' への変換です。データが失われる可能性があります。
Enemy.cpp(420): warning C4244: '引数': 'double' から 'int' への変換です。データが失われる可能性があります。
Enemy.cpp(421): warning C4244: '引数': 'double' から 'int' への変換です。データが失われる可能性があります。
Enemy.cpp(479): warning C4244: '引数': 'double' から 'int' への変換です。データが失われる可能性があります。
LINK : warning C4727: 同じタイムスタンプを伴う、c:\users\fujisaki\documents\visual studio 2013\projects\dttd\release\dttd.pch と名前指定された PCH が c:\users\fujisaki\documents\visual studio 2013\projects\dttd\release\myinput.obj および c:\users\fujisaki\documents\visual studio 2013\projects\dttd\release\keyconfig.obj で見つかりました。最初の PCH を使用します。
LINK : warning C4727: 同じタイムスタンプを伴う、c:\users\fujisaki\documents\visual studio 2013\projects\dttd\release\dttd.pch と名前指定された PCH が c:\users\fujisaki\documents\visual studio 2013\projects\dttd\release\stdafx.obj および c:\users\fujisaki\documents\visual studio 2013\projects\dttd\release\keyconfig.obj で見つかりました。最初の PCH を使用します。
LINK : warning C4727: 同じタイムスタンプを伴う、c:\users\fujisaki\documents\visual studio 2013\projects\dttd\release\dttd.pch と名前指定された PCH が c:\users\fujisaki\documents\visual studio 2013\projects\dttd\release\s_clear.obj および c:\users\fujisaki\documents\visual studio 2013\projects\dttd\release\keyconfig.obj で見つかりました。最初の PCH を使用します。
LINK : warning C4727: 同じタイムスタンプを伴う、c:\users\fujisaki\documents\visual studio 2013\projects\dttd\release\dttd.pch と名前指定された PCH が c:\users\fujisaki\documents\visual studio 2013\projects\dttd\release\s_fail.obj および c:\users\fujisaki\documents\visual studio 2013\projects\dttd\release\keyconfig.obj で見つかりました。最初の PCH を使用します。
     ライブラリ C:\Users\Fujisaki\Documents\Visual Studio 2013\Projects\DTTD\Release\DTTD.lib とオブジェクト C:\Users\Fujisaki\Documents\Visual Studio 2013\Projects\DTTD\Release\DTTD.exp を作成中
  コード生成しています。
  0 of 2646 functions ( 0.0%) were compiled, the rest were copied from previous compilation.
    0 functions were new in current compilation
    0 functions had inline decision re-evaluated but remain unchanged
  コード生成が終了しました。
  DTTD.vcxproj -> C:\Users\Fujisaki\Documents\Visual Studio 2013\Projects\DTTD\Release\DTTD.exe
